<?xml version="1.0" encoding="UTF-8"?>
<!-- Generated by org.testng.reporters.JUnitReportReporter -->
<testsuite skipped="0" hostname="DESKTOP-9U49B5S" name="com.poker.users.Sign_in" tests="1" failures="0" timestamp="2020-05-25T17:48:41 IST" time="15.532" errors="0">
  <testcase name="sign_inTest" time="15.532" classname="com.poker.users.Sign_in"/>
  <system-out/>
</testsuite> <!-- com.poker.users.Sign_in -->
