<?xml version="1.0" encoding="UTF-8"?>
<!-- Generated by org.testng.reporters.JUnitReportReporter -->
<testsuite skipped="0" hostname="DESKTOP-9U49B5S" name="com.poker.users.CheckInitialBalance" tests="1" failures="0" timestamp="2020-05-26T07:25:35 IST" time="27.444" errors="0">
  <testcase name="checkInitialBalanceTest" time="27.444" classname="com.poker.users.CheckInitialBalance"/>
  <system-out/>
</testsuite> <!-- com.poker.users.CheckInitialBalance -->
