<?xml version="1.0" encoding="UTF-8"?>
<!-- Generated by org.testng.reporters.JUnitReportReporter -->
<testsuite skipped="0" hostname="DESKTOP-9U49B5S" name="com.poker.users.SigninValidation" tests="1" failures="0" timestamp="2020-05-26T18:06:30 IST" time="13.492" errors="0">
  <testcase name="signinFormValidationTest" time="13.492" classname="com.poker.users.SigninValidation"/>
</testsuite> <!-- com.poker.users.SigninValidation -->
