<?xml version="1.0" encoding="UTF-8"?>
<!-- Generated by org.testng.reporters.JUnitReportReporter -->
<testsuite skipped="0" hostname="DESKTOP-9U49B5S" name="com.poker.users.CreateUser" tests="1" failures="0" timestamp="2020-05-22T07:41:18 IST" time="16.344" errors="0">
  <testcase name="createUserTest" time="16.344" classname="com.poker.users.CreateUser"/>
  <system-out/>
</testsuite> <!-- com.poker.users.CreateUser -->
