<?xml version="1.0" encoding="UTF-8"?>
<!-- Generated by org.testng.reporters.JUnitReportReporter -->
<testsuite skipped="0" hostname="DESKTOP-9U49B5S" name="com.poker.users.UpdateUserBalance" tests="1" failures="0" timestamp="2020-05-26T07:12:38 IST" time="17.094" errors="0">
  <testcase name="updateUserBalanceTest" time="17.094" classname="com.poker.users.UpdateUserBalance"/>
  <system-out/>
</testsuite> <!-- com.poker.users.UpdateUserBalance -->
